TN:
SF:/Users/raychu/securityAudits/sc_auction/contracts/Auction.sol
FN:119,auction_deployed_waiting_to_start
FN:124,in_purchase_phase
FN:129,in_processing_phase
FN:136,auction_complete
FN:141,strike_price_set
FN:146,owner_only
FN:178,Auction
FN:210,deposit
FN:224,withdraw
FN:249,startAuction
FN:263,setStrikePrice
FN:285,processBid
FN:327,completeSuccessfulAuction
FN:341,cancelAuction
FNF:14
FNH:11
FNDA:31,auction_deployed_waiting_to_start
FNDA:98,in_purchase_phase
FNDA:131,in_processing_phase
FNDA:0,auction_complete
FNDA:185,strike_price_set
FNDA:51,owner_only
FNDA:1,Auction
FNDA:62,deposit
FNDA:0,withdraw
FNDA:12,startAuction
FNDA:8,setStrikePrice
FNDA:20,processBid
FNDA:0,completeSuccessfulAuction
FNDA:11,cancelAuction
DA:120,31
DA:121,12
DA:125,98
DA:126,62
DA:130,131
DA:131,76
DA:132,74
DA:133,28
DA:137,0
DA:138,0
DA:142,185
DA:143,104
DA:147,51
DA:148,51
DA:181,1
DA:182,1
DA:183,1
DA:184,1
DA:185,1
DA:186,1
DA:187,1
DA:189,1
DA:190,1
DA:192,1
DA:193,1
DA:195,1
DA:196,1
DA:197,1
DA:198,1
DA:199,1
DA:200,1
DA:202,1
DA:203,1
DA:211,62
DA:213,62
DA:214,62
DA:216,62
DA:225,0
DA:226,0
DA:228,0
DA:229,0
DA:231,0
DA:232,0
DA:233,0
DA:235,0
DA:237,0
DA:239,0
DA:250,12
DA:251,12
DA:253,12
DA:254,12
DA:255,12
DA:257,12
DA:264,8
DA:265,7
DA:267,7
DA:269,7
DA:286,20
DA:287,16
DA:288,14
DA:290,14
DA:291,14
DA:294,10
DA:301,10
DA:303,10
DA:304,10
DA:305,10
DA:306,10
DA:307,8
DA:309,8
DA:310,8
DA:311,0
DA:313,0
DA:314,0
DA:316,0
DA:317,0
DA:319,0
DA:328,0
DA:331,0
DA:333,0
DA:334,0
DA:336,0
DA:342,11
DA:344,11
DA:345,11
DA:347,11
LF:86
LH:63
BRDA:120,1,0,12
BRDA:120,1,1,19
BRDA:125,2,0,62
BRDA:125,2,1,36
BRDA:130,3,0,76
BRDA:130,3,1,55
BRDA:131,4,0,74
BRDA:131,4,1,2
BRDA:132,5,0,28
BRDA:132,5,1,46
BRDA:137,6,0,0
BRDA:137,6,1,0
BRDA:142,7,0,104
BRDA:142,7,1,81
BRDA:147,8,0,51
BRDA:147,8,1,0
BRDA:181,9,0,1
BRDA:181,9,1,0
BRDA:182,10,0,1
BRDA:182,10,1,0
BRDA:183,11,0,1
BRDA:183,11,1,0
BRDA:184,12,0,1
BRDA:184,12,1,0
BRDA:185,13,0,1
BRDA:185,13,1,0
BRDA:186,14,0,1
BRDA:186,14,1,0
BRDA:187,15,0,1
BRDA:187,15,1,0
BRDA:211,16,0,62
BRDA:211,16,1,0
BRDA:226,17,0,0
BRDA:226,17,1,0
BRDA:229,18,0,0
BRDA:229,18,1,0
BRDA:231,19,0,0
BRDA:231,19,1,0
BRDA:232,20,0,0
BRDA:232,20,1,0
BRDA:251,21,0,12
BRDA:251,21,1,0
BRDA:264,22,0,7
BRDA:264,22,1,1
BRDA:265,23,0,7
BRDA:265,23,1,0
BRDA:286,24,0,16
BRDA:286,24,1,4
BRDA:287,25,0,14
BRDA:287,25,1,2
BRDA:288,26,0,14
BRDA:288,26,1,0
BRDA:290,27,0,14
BRDA:290,27,1,0
BRDA:291,28,0,10
BRDA:291,28,1,4
BRDA:306,29,0,8
BRDA:306,29,1,2
BRDA:307,30,0,8
BRDA:307,30,1,0
BRDA:310,31,0,0
BRDA:310,31,1,8
BRDA:311,32,0,0
BRDA:311,32,1,0
BRDA:328,33,0,0
BRDA:328,33,1,0
BRDA:329,34,0,0
BRDA:329,34,1,0
BRDA:330,35,0,0
BRDA:330,35,1,0
BRDA:331,36,0,0
BRDA:331,36,1,0
BRDA:342,37,0,11
BRDA:342,37,1,0
BRF:74
BRH:38
end_of_record
TN:
SF:/Users/raychu/securityAudits/sc_auction/contracts/ConvertLib.sol
FN:3,convert
FNF:1
FNH:0
FNDA:0,convert
DA:5,0
LF:1
LH:0
BRF:0
BRH:0
end_of_record
TN:
SF:/Users/raychu/securityAudits/sc_auction/contracts/HumanStandardToken.sol
FN:33,HumanStandardToken
FN:47,approveAndCall
FNF:2
FNH:1
FNDA:1,HumanStandardToken
FNDA:0,approveAndCall
DA:48,0
DA:49,0
DA:54,0
DA:55,0
LF:4
LH:0
BRDA:54,1,0,0
BRDA:54,1,1,0
BRF:2
BRH:0
end_of_record
TN:
SF:/Users/raychu/securityAudits/sc_auction/contracts/SafeMath.sol
FN:9,mul
FN:15,div
FN:22,sub
FN:27,add
FNF:4
FNH:3
FNDA:10,mul
FNDA:20,div
FNDA:0,sub
FNDA:90,add
DA:10,10
DA:11,10
DA:12,10
DA:17,20
DA:19,20
DA:23,0
DA:24,0
DA:28,90
DA:29,90
DA:30,90
LF:10
LH:8
BRDA:11,1,0,10
BRDA:11,1,1,0
BRDA:23,2,0,0
BRDA:23,2,1,0
BRDA:29,3,0,90
BRDA:29,3,1,0
BRF:6
BRH:2
end_of_record
TN:
SF:/Users/raychu/securityAudits/sc_auction/contracts/Shad.sol
FN:8,Shad
FN:12,process
FNF:2
FNH:0
FNDA:0,Shad
FNDA:0,process
DA:9,0
DA:13,0
DA:14,0
DA:15,0
LF:4
LH:0
BRF:0
BRH:0
end_of_record
TN:
SF:/Users/raychu/securityAudits/sc_auction/contracts/StandardToken.sol
FN:15,transfer
FN:27,transferFrom
FN:38,balanceOf
FN:42,approve
FN:48,allowance
FNF:5
FNH:2
FNDA:42,transfer
FNDA:0,transferFrom
FNDA:71,balanceOf
FNDA:0,approve
FNDA:0,allowance
DA:20,42
DA:21,42
DA:22,42
DA:23,42
DA:24,42
DA:30,0
DA:31,0
DA:32,0
DA:33,0
DA:34,0
DA:35,0
DA:39,71
DA:43,0
DA:44,0
DA:45,0
DA:49,0
LF:16
LH:6
BRDA:20,1,0,42
BRDA:20,1,1,0
BRDA:30,2,0,0
BRDA:30,2,1,0
BRF:4
BRH:1
end_of_record
TN:
SF:/Users/raychu/securityAudits/sc_auction/contracts/Token.sol
FNF:0
FNH:0
LF:0
LH:0
BRF:0
BRH:0
end_of_record
